2025-11-29T18:38:43-08:00 INFO API: POST GraphQL endpoint=https://api.github.com/graphql login=thesavant42
2025-11-29T18:41:24-08:00 INFO API: POST GraphQL endpoint=https://api.github.com/graphql login=thesavant42
2025-11-29T18:41:28-08:00 INFO API: Checking Docker Hub profile login=thesavant42
2025-11-29T18:41:28-08:00 INFO API: No Docker Hub profile found login=thesavant42
2025-11-29T18:44:08-08:00 INFO API: POST GraphQL endpoint=https://api.github.com/graphql login=thesavant42
2025-11-29T18:44:12-08:00 INFO API: Checking Docker Hub profile login=thesavant42
2025-11-29T18:44:12-08:00 INFO API: No Docker Hub profile found login=thesavant42
2025-11-29T18:44:12-08:00 INFO API: POST GraphQL endpoint=https://api.github.com/graphql login=njhollinghurst
2025-11-29T18:44:13-08:00 INFO API: Checking Docker Hub profile login=njhollinghurst
2025-11-29T18:44:13-08:00 INFO API: No Docker Hub profile found login=njhollinghurst
2025-11-29T18:44:13-08:00 INFO API: POST GraphQL endpoint=https://api.github.com/graphql login=pelwell
2025-11-29T18:44:15-08:00 INFO API: Checking Docker Hub profile login=pelwell
2025-11-29T18:44:16-08:00 INFO API: No Docker Hub profile found login=pelwell
2025-11-29T18:44:16-08:00 INFO API: POST GraphQL endpoint=https://api.github.com/graphql login=timg236
2025-11-29T18:44:17-08:00 INFO API: Checking Docker Hub profile login=timg236
2025-11-29T18:44:17-08:00 INFO API: No Docker Hub profile found login=timg236
2025-11-29T18:44:17-08:00 INFO API: POST GraphQL endpoint=https://api.github.com/graphql login=popcornmix
2025-11-29T18:44:19-08:00 INFO API: Checking Docker Hub profile login=popcornmix
2025-11-29T18:44:20-08:00 INFO API: No Docker Hub profile found login=popcornmix
2025-11-29T19:04:29-08:00 INFO API: POST GraphQL endpoint=https://api.github.com/graphql login=njhollinghurst
2025-11-29T19:04:30-08:00 INFO API: Checking Docker Hub profile login=njhollinghurst
2025-11-29T19:04:30-08:00 INFO API: No Docker Hub profile found login=njhollinghurst
2025-11-29T19:04:30-08:00 INFO API: POST GraphQL endpoint=https://api.github.com/graphql login=pelwell
2025-11-29T19:04:33-08:00 INFO API: Checking Docker Hub profile login=pelwell
2025-11-29T19:04:33-08:00 INFO API: No Docker Hub profile found login=pelwell
2025-11-29T19:04:33-08:00 INFO API: POST GraphQL endpoint=https://api.github.com/graphql login=timg236
2025-11-29T19:04:35-08:00 INFO API: Checking Docker Hub profile login=timg236
2025-11-29T19:04:35-08:00 INFO API: No Docker Hub profile found login=timg236
2025-11-29T19:04:35-08:00 INFO API: POST GraphQL endpoint=https://api.github.com/graphql login=popcornmix
2025-11-29T19:04:37-08:00 INFO API: Checking Docker Hub profile login=popcornmix
2025-11-29T19:04:37-08:00 INFO API: No Docker Hub profile found login=popcornmix
2025-11-29T19:05:01-08:00 INFO API: POST GraphQL endpoint=https://api.github.com/graphql login=thesavant42
2025-11-29T19:05:04-08:00 INFO API: Checking Docker Hub profile login=thesavant42
2025-11-29T19:05:04-08:00 INFO API: No Docker Hub profile found login=thesavant42
2025-11-29T19:07:30-08:00 INFO API: POST GraphQL endpoint=https://api.github.com/graphql login=thesavant42
2025-11-29T19:07:34-08:00 INFO API: Checking Docker Hub profile login=thesavant42
2025-11-29T19:07:34-08:00 INFO API: No Docker Hub profile found login=thesavant42
